0 info it worked if it ends with ok
1 verbose cli [ '/Users/pietrzi/.nvm/v0.10.48/bin/node',
1 verbose cli   '/Users/pietrzi/.nvm/v0.10.48/bin/npm',
1 verbose cli   'bugs',
1 verbose cli   'strona-madzi' ]
2 info using npm@2.15.1
3 info using node@v0.10.48
4 silly mapToRegistry name strona-madzi
5 silly mapToRegistry using default registry
6 silly mapToRegistry registry https://registry.npmjs.org/
7 silly mapToRegistry data { raw: 'strona-madzi',
7 silly mapToRegistry   scope: null,
7 silly mapToRegistry   name: 'strona-madzi',
7 silly mapToRegistry   rawSpec: '',
7 silly mapToRegistry   spec: 'latest',
7 silly mapToRegistry   type: 'tag' }
8 silly mapToRegistry uri https://registry.npmjs.org/strona-madzi
9 verbose request uri https://registry.npmjs.org/strona-madzi/latest
10 verbose request no auth needed
11 info attempt registry request try #1 at 15:40:50
12 verbose request id 968392a136105b69
13 http request GET https://registry.npmjs.org/strona-madzi/latest
14 http 404 https://registry.npmjs.org/strona-madzi/latest
15 verbose headers { date: 'Thu, 26 Mar 2020 14:40:51 GMT',
15 verbose headers   'content-type': 'application/json',
15 verbose headers   'content-length': '11',
15 verbose headers   connection: 'keep-alive',
15 verbose headers   'set-cookie': [ '__cfduid=d7e46bdc67312a12df77ff0d2e838be0a1585233650; expires=Sat, 25-Apr-20 14:40:50 GMT; path=/; domain=.npmjs.org; HttpOnly; SameSite=Lax' ],
15 verbose headers   'cf-ray': '57a1a10adf70f2dc-WAW',
15 verbose headers   'cf-cache-status': 'DYNAMIC',
15 verbose headers   'expect-ct': 'max-age=604800, report-uri="https://report-uri.cloudflare.com/cdn-cgi/beacon/expect-ct"',
15 verbose headers   vary: 'Accept-Encoding',
15 verbose headers   server: 'cloudflare' }
16 silly get cb [ 404,
16 silly get   { date: 'Thu, 26 Mar 2020 14:40:51 GMT',
16 silly get     'content-type': 'application/json',
16 silly get     'content-length': '11',
16 silly get     connection: 'keep-alive',
16 silly get     'set-cookie': [ '__cfduid=d7e46bdc67312a12df77ff0d2e838be0a1585233650; expires=Sat, 25-Apr-20 14:40:50 GMT; path=/; domain=.npmjs.org; HttpOnly; SameSite=Lax' ],
16 silly get     'cf-ray': '57a1a10adf70f2dc-WAW',
16 silly get     'cf-cache-status': 'DYNAMIC',
16 silly get     'expect-ct': 'max-age=604800, report-uri="https://report-uri.cloudflare.com/cdn-cgi/beacon/expect-ct"',
16 silly get     vary: 'Accept-Encoding',
16 silly get     server: 'cloudflare' } ]
17 verbose stack Error: Registry returned 404 for GET on https://registry.npmjs.org/strona-madzi/latest
17 verbose stack     at makeError (/Users/pietrzi/.nvm/v0.10.48/lib/node_modules/npm/node_modules/npm-registry-client/lib/request.js:264:12)
17 verbose stack     at CachingRegistryClient.<anonymous> (/Users/pietrzi/.nvm/v0.10.48/lib/node_modules/npm/node_modules/npm-registry-client/lib/request.js:242:14)
17 verbose stack     at Request._callback (/Users/pietrzi/.nvm/v0.10.48/lib/node_modules/npm/node_modules/npm-registry-client/lib/request.js:172:14)
17 verbose stack     at Request.self.callback (/Users/pietrzi/.nvm/v0.10.48/lib/node_modules/npm/node_modules/request/request.js:199:22)
17 verbose stack     at Request.emit (events.js:98:17)
17 verbose stack     at Request.<anonymous> (/Users/pietrzi/.nvm/v0.10.48/lib/node_modules/npm/node_modules/request/request.js:1036:10)
17 verbose stack     at Request.emit (events.js:117:20)
17 verbose stack     at IncomingMessage.<anonymous> (/Users/pietrzi/.nvm/v0.10.48/lib/node_modules/npm/node_modules/request/request.js:963:12)
17 verbose stack     at IncomingMessage.emit (events.js:117:20)
17 verbose stack     at _stream_readable.js:944:16
18 verbose statusCode 404
19 verbose pkgid strona-madzi
20 verbose cwd /Users/pietrzi/Documents/Programming/Lekcje/strona-madzi
21 error Darwin 18.7.0
22 error argv "/Users/pietrzi/.nvm/v0.10.48/bin/node" "/Users/pietrzi/.nvm/v0.10.48/bin/npm" "bugs" "strona-madzi"
23 error node v0.10.48
24 error npm  v2.15.1
25 error code E404
26 error 404 Registry returned 404 for GET on https://registry.npmjs.org/strona-madzi/latest
26 error 404
26 error 404 'strona-madzi' is not in the npm registry.
26 error 404 You should bug the author to publish it (or use the name yourself!)
26 error 404
26 error 404 Note that you can also install from a
26 error 404 tarball, folder, http url, or git url.
27 verbose exit [ 1, true ]
